<?xml version="1.0" encoding="UTF-8"?>
<!-- Generated by org.testng.reporters.JUnitReportReporter -->
<testsuite hostname="DESKTOP-5KTOU1E" failures="0" tests="1" name="FKM.Account_Summary" time="18.583" errors="0" timestamp="2024-08-22T11:58:54 IST" skipped="0">
  <testcase classname="FKM.Account_Summary" name="Account" time="18.583"/>
  <system-out/>
</testsuite> <!-- FKM.Account_Summary -->
