<?xml version="1.0" encoding="UTF-8"?>
<!-- Generated by org.testng.reporters.JUnitReportReporter -->
<testsuite hostname="DESKTOP-5KTOU1E" failures="0" tests="1" name="Demo.LoginByDDT" time="13.370" errors="0" timestamp="2024-08-22T11:52:10 IST" skipped="0">
  <testcase classname="Demo.LoginByDDT" name="log" time="13.370"/>
  <system-out/>
</testsuite> <!-- Demo.LoginByDDT -->
