<?xml version="1.0" encoding="UTF-8"?>
<!-- Generated by org.testng.reporters.JUnitReportReporter -->
<testsuite hostname="DESKTOP-5KTOU1E" failures="0" tests="1" name="FKM.SearchBar_Functionality" time="34.976" errors="0" timestamp="2024-08-22T11:58:54 IST" skipped="0">
  <testcase classname="FKM.SearchBar_Functionality" name="searchBar" time="34.976"/>
  <system-out/>
</testsuite> <!-- FKM.SearchBar_Functionality -->
