<?xml version="1.0" encoding="UTF-8"?>
<!-- Generated by org.testng.reporters.JUnitReportReporter -->
<testsuite hostname="DESKTOP-5KTOU1E" failures="0" tests="2" name="FKM.Withdrawal_Money" time="49.720" errors="0" timestamp="2024-08-21T18:57:46 IST" skipped="0">
  <testcase classname="FKM.Withdrawal_Money" name="withdraw_Money" time="25.169"/>
  <system-out/>
  <testcase classname="FKM.Withdrawal_Money" name="withdraw_Money" time="24.551"/>
  <system-out/>
</testsuite> <!-- FKM.Withdrawal_Money -->
