<?xml version="1.0" encoding="UTF-8"?>
<!-- Generated by org.testng.reporters.JUnitReportReporter -->
<testsuite hostname="DESKTOP-5KTOU1E" failures="0" tests="1" name="FKM.News_Article" time="25.559" errors="0" timestamp="2024-08-20T15:43:00 IST" skipped="0">
  <testcase classname="FKM.News_Article" name="newsArticle" time="25.559"/>
  <system-out/>
</testsuite> <!-- FKM.News_Article -->
