<?xml version="1.0" encoding="UTF-8"?>
<!-- Generated by org.testng.reporters.JUnitReportReporter -->
<testsuite hostname="DESKTOP-5KTOU1E" failures="0" tests="1" name="FKM.LogOut" time="20.407" errors="0" timestamp="2024-08-23T11:50:53 IST" skipped="0">
  <testcase classname="FKM.LogOut" name="logout" time="20.407"/>
  <system-out/>
</testsuite> <!-- FKM.LogOut -->
