<?xml version="1.0" encoding="UTF-8"?>
<!-- Generated by org.testng.reporters.JUnitReportReporter -->
<testsuite hostname="DESKTOP-5KTOU1E" failures="0" tests="1" name="Demo.ExcelProperty" time="0.732" errors="0" timestamp="2024-08-21T17:40:06 IST" skipped="0">
  <testcase classname="Demo.ExcelProperty" name="data" time="0.732"/>
  <system-out/>
</testsuite> <!-- Demo.ExcelProperty -->
