<?xml version="1.0" encoding="UTF-8"?>
<!-- Generated by org.testng.reporters.JUnitReportReporter -->
<testsuite hostname="DESKTOP-5KTOU1E" failures="0" tests="1" name="FKM.ShopNow_DealDetail" time="19.130" errors="0" timestamp="2024-08-22T17:55:30 IST" skipped="0">
  <testcase classname="FKM.ShopNow_DealDetail" name="shopNow_ByDeal" time="19.130"/>
  <system-out/>
</testsuite> <!-- FKM.ShopNow_DealDetail -->
