<?xml version="1.0" encoding="UTF-8"?>
<!-- Generated by org.testng.reporters.JUnitReportReporter -->
<testsuite hostname="DESKTOP-5KTOU1E" failures="0" tests="1" name="FKM.Report_Missing" time="33.691" errors="0" timestamp="2024-08-22T18:42:48 IST" skipped="0">
  <testcase classname="FKM.Report_Missing" name="Report_form" time="33.691"/>
  <system-out/>
</testsuite> <!-- FKM.Report_Missing -->
