<?xml version="1.0" encoding="UTF-8"?>
<!-- Generated by org.testng.reporters.JUnitReportReporter -->
<testsuite hostname="DESKTOP-5KTOU1E" failures="0" tests="1" name="Demo.DDT_PropertyFile" time="2.148" errors="0" timestamp="2024-08-21T13:17:04 IST" skipped="0">
  <testcase classname="Demo.DDT_PropertyFile" name="propertFile" time="2.148"/>
  <system-out/>
</testsuite> <!-- Demo.DDT_PropertyFile -->
