<?xml version="1.0" encoding="UTF-8"?>
<!-- Generated by org.testng.reporters.JUnitReportReporter -->
<testsuite hostname="DESKTOP-5KTOU1E" failures="0" tests="1" name="Demo.Login_withPropertyFile" time="12.085" errors="0" timestamp="2024-08-21T14:44:43 IST" skipped="0">
  <testcase classname="Demo.Login_withPropertyFile" name="login" time="12.085"/>
  <system-out/>
</testsuite> <!-- Demo.Login_withPropertyFile -->
