<?xml version="1.0" encoding="UTF-8"?>
<!-- Generated by org.testng.reporters.JUnitReportReporter -->
<testsuite hostname="DESKTOP-5KTOU1E" failures="0" tests="1" name="Generic_Utility.Base_class" time="9.221" errors="0" timestamp="2024-08-07T18:03:48 IST" skipped="0">
  <testcase classname="Generic_Utility.Base_class" name="baseClass" time="9.221"/>
  <system-out/>
</testsuite> <!-- Generic_Utility.Base_class -->
