<?xml version="1.0" encoding="UTF-8"?>
<!-- Generated by org.testng.reporters.JUnitReportReporter -->
<testsuite hostname="DESKTOP-5KTOU1E" failures="0" tests="1" name="FKM.Cashback_History" time="22.500" errors="0" timestamp="2024-08-17T18:52:04 IST" skipped="0">
  <testcase classname="FKM.Cashback_History" name="history" time="22.500"/>
  <system-out/>
</testsuite> <!-- FKM.Cashback_History -->
