<?xml version="1.0" encoding="UTF-8"?>
<!-- Generated by org.testng.reporters.JUnitReportReporter -->
<testsuite hostname="DESKTOP-5KTOU1E" failures="0" tests="1" name="FKM.DealOfTheDay" time="20.320" errors="0" timestamp="2024-08-22T16:22:56 IST" skipped="0">
  <testcase classname="FKM.DealOfTheDay" name="DealOftheDay" time="20.320"/>
  <system-out/>
</testsuite> <!-- FKM.DealOfTheDay -->
