<?xml version="1.0" encoding="UTF-8"?>
<!-- Generated by org.testng.reporters.JUnitReportReporter -->
<testsuite hostname="DESKTOP-5KTOU1E" failures="0" tests="1" name="FKM.CouponsFunctionality" time="26.035" errors="0" timestamp="2024-08-17T18:52:04 IST" skipped="0">
  <testcase classname="FKM.CouponsFunctionality" name="coupon" time="26.035"/>
  <system-out>
    <![CDATA[Code is WELCOME10]]>
  </system-out>
</testsuite> <!-- FKM.CouponsFunctionality -->
