<?xml version="1.0" encoding="UTF-8"?>
<!-- Generated by org.testng.reporters.JUnitReportReporter -->
<testsuite hostname="DESKTOP-5KTOU1E" failures="0" tests="1" name="BasicCRUD.Del" time="1.315" errors="0" timestamp="2023-12-06T17:48:29 IST" skipped="0">
  <testcase classname="BasicCRUD.Del" name="del" time="1.315"/>
  <system-out/>
</testsuite> <!-- BasicCRUD.Del -->
