<?xml version="1.0" encoding="UTF-8"?>
<!-- Generated by org.testng.reporters.JUnitReportReporter -->
<testsuite hostname="DESKTOP-5KTOU1E" failures="0" tests="1" name="BasicCRUD.Put" time="1.648" errors="0" timestamp="2023-12-06T17:39:29 IST" skipped="0">
  <testcase classname="BasicCRUD.Put" name="put" time="1.648"/>
  <system-out/>
</testsuite> <!-- BasicCRUD.Put -->
