<?xml version="1.0" encoding="UTF-8"?>
<!-- Generated by org.testng.reporters.JUnitReportReporter -->
<testsuite hostname="DESKTOP-5KTOU1E" failures="0" tests="1" name="BddCRUD.GetAll" time="1.323" errors="0" timestamp="2023-12-06T18:20:49 IST" skipped="0">
  <testcase classname="BddCRUD.GetAll" name="get" time="1.323"/>
  <system-out/>
</testsuite> <!-- BddCRUD.GetAll -->
