<?xml version="1.0" encoding="UTF-8"?>
<!-- Generated by org.testng.reporters.JUnitReportReporter -->
<testsuite hostname="DESKTOP-5KTOU1E" failures="0" tests="1" name="BasicCRUD.Get_SingleProject" time="1.323" errors="0" timestamp="2023-12-07T12:15:48 IST" skipped="0">
  <testcase classname="BasicCRUD.Get_SingleProject" name="getProj" time="1.323"/>
  <system-out/>
</testsuite> <!-- BasicCRUD.Get_SingleProject -->
