<?xml version="1.0" encoding="UTF-8"?>
<!-- Generated by org.testng.reporters.JUnitReportReporter -->
<testsuite hostname="DESKTOP-5KTOU1E" failures="0" tests="1" name="Parseing.Serialization" time="0.236" errors="0" timestamp="2023-12-12T14:32:43 IST" skipped="0">
  <testcase classname="Parseing.Serialization" name="demo" time="0.236"/>
  <system-out/>
</testsuite> <!-- Parseing.Serialization -->
