<?xml version="1.0" encoding="UTF-8"?>
<!-- Generated by org.testng.reporters.JUnitReportReporter -->
<testsuite hostname="DESKTOP-5KTOU1E" failures="0" tests="1" name="ReqChaining.Post_Chaining" time="2.523" errors="0" timestamp="2023-12-12T17:43:38 IST" skipped="0">
  <testcase classname="ReqChaining.Post_Chaining" name="post" time="2.523"/>
  <system-out/>
</testsuite> <!-- ReqChaining.Post_Chaining -->
