<?xml version="1.0" encoding="UTF-8"?>
<!-- Generated by org.testng.reporters.JUnitReportReporter -->
<testsuite hostname="DESKTOP-5KTOU1E" failures="0" tests="1" name="DifferentWaysPOST.JsonObject" time="1.560" errors="0" timestamp="2023-12-08T15:34:40 IST" skipped="0">
  <testcase classname="DifferentWaysPOST.JsonObject" name="ObjectPost" time="1.560"/>
  <system-out/>
</testsuite> <!-- DifferentWaysPOST.JsonObject -->
