<?xml version="1.0" encoding="UTF-8"?>
<!-- Generated by org.testng.reporters.JUnitReportReporter -->
<testsuite hostname="DESKTOP-5KTOU1E" failures="0" tests="1" name="FirstPackage.DummyTestNG" time="0.002" errors="0" timestamp="2023-11-28T11:55:13 IST" skipped="0">
  <testcase classname="FirstPackage.DummyTestNG" name="test" time="0.002"/>
  <system-out/>
</testsuite> <!-- FirstPackage.DummyTestNG -->
