<?xml version="1.0" encoding="UTF-8"?>
<!-- Generated by org.testng.reporters.JUnitReportReporter -->
<testsuite hostname="DESKTOP-5KTOU1E" failures="0" tests="1" name="FirstPackage.TestNG" time="0.007" errors="0" timestamp="2024-06-10T17:00:05 IST" skipped="0">
  <testcase classname="FirstPackage.TestNG" name="test" time="0.007"/>
</testsuite> <!-- FirstPackage.TestNG -->
