<?xml version="1.0" encoding="UTF-8"?>
<!-- Generated by org.testng.reporters.JUnitReportReporter -->
<testsuite hostname="DESKTOP-5KTOU1E" failures="0" tests="1" name="FirstPackage.OptimizedExcel" time="6.610" errors="0" timestamp="2023-11-30T15:11:23 IST" skipped="0">
  <testcase classname="FirstPackage.OptimizedExcel" name="VtigerLogin" time="6.610"/>
</testsuite> <!-- FirstPackage.OptimizedExcel -->
