<?xml version="1.0" encoding="UTF-8"?>
<!-- Generated by org.testng.reporters.JUnitReportReporter -->
<testsuite hostname="DESKTOP-5KTOU1E" failures="0" tests="3" name="FirstPackage.AttributesInTestNG" time="0.010" errors="0" timestamp="2024-06-10T17:00:05 IST" skipped="0">
  <testcase classname="FirstPackage.AttributesInTestNG" name="herName" time="0.008"/>
  <testcase classname="FirstPackage.AttributesInTestNG" name="myName" time="0.001"/>
  <testcase classname="FirstPackage.AttributesInTestNG" name="yourName" time="0.001"/>
</testsuite> <!-- FirstPackage.AttributesInTestNG -->
