<?xml version="1.0" encoding="UTF-8"?>
<!-- Generated by org.testng.reporters.JUnitReportReporter -->
<testsuite hostname="DESKTOP-5KTOU1E" failures="0" tests="1" name="Fkm_WEB_Chrome.ShopNow_DealPg" time="61.363" errors="0" timestamp="2024-07-29T18:59:07 IST" skipped="0">
  <testcase classname="Fkm_WEB_Chrome.ShopNow_DealPg" name="ShopNow_Deal" time="61.363"/>
  <system-out/>
</testsuite> <!-- Fkm_WEB_Chrome.ShopNow_DealPg -->
