<?xml version="1.0" encoding="UTF-8"?>
<!-- Generated by org.testng.reporters.JUnitReportReporter -->
<testsuite hostname="DESKTOP-5KTOU1E" failures="0" tests="1" name="Generic_Utility.Base_Class" time="37.184" errors="0" timestamp="2024-07-15T13:21:27 IST" skipped="0">
  <testcase classname="Generic_Utility.Base_Class" name="login" time="37.184"/>
</testsuite> <!-- Generic_Utility.Base_Class -->
