<?xml version="1.0" encoding="UTF-8"?>
<!-- Generated by org.testng.reporters.JUnitReportReporter -->
<testsuite hostname="DESKTOP-5KTOU1E" failures="0" tests="1" name="Fkm_WEB_Chrome.DealsCard_homePage" time="49.047" errors="0" timestamp="2024-08-02T16:39:14 IST" skipped="0">
  <testcase classname="Fkm_WEB_Chrome.DealsCard_homePage" name="deal" time="49.047"/>
  <system-out/>
</testsuite> <!-- Fkm_WEB_Chrome.DealsCard_homePage -->
