<?xml version="1.0" encoding="UTF-8"?>
<!-- Generated by org.testng.reporters.JUnitReportReporter -->
<testsuite hostname="DESKTOP-5KTOU1E" failures="0" tests="1" name="Generic_Utility.Date" time="0.008" errors="0" timestamp="2024-08-02T18:41:03 IST" skipped="0">
  <testcase classname="Generic_Utility.Date" name="dates" time="0.008"/>
  <system-out/>
</testsuite> <!-- Generic_Utility.Date -->
