<?xml version="1.0" encoding="UTF-8"?>
<!-- Generated by org.testng.reporters.JUnitReportReporter -->
<testsuite hostname="DESKTOP-5KTOU1E" failures="0" tests="1" name="Fkm_WEB_Chrome.AllStore_Tabsfunctonality" time="68.827" errors="0" timestamp="2024-08-02T13:01:41 IST" skipped="0">
  <testcase classname="Fkm_WEB_Chrome.AllStore_Tabsfunctonality" name="tabs" time="68.827"/>
  <system-out/>
</testsuite> <!-- Fkm_WEB_Chrome.AllStore_Tabsfunctonality -->
