<?xml version="1.0" encoding="UTF-8"?>
<!-- Generated by org.testng.reporters.JUnitReportReporter -->
<testsuite hostname="DESKTOP-5KTOU1E" failures="0" tests="1" name="Fkm_WEB_Chrome.HowFKMworks" time="53.383" errors="0" timestamp="2024-08-02T15:54:50 IST" skipped="0">
  <testcase classname="Fkm_WEB_Chrome.HowFKMworks" name="FKM" time="53.383"/>
  <system-out/>
</testsuite> <!-- Fkm_WEB_Chrome.HowFKMworks -->
