<?xml version="1.0" encoding="UTF-8"?>
<!-- Generated by org.testng.reporters.JUnitReportReporter -->
<testsuite hostname="DESKTOP-5KTOU1E" failures="0" tests="1" name="Fkm_WEB_Chrome.Deal_Story" time="128.036" errors="0" timestamp="2024-07-25T16:05:26 IST" skipped="0">
  <testcase classname="Fkm_WEB_Chrome.Deal_Story" name="story" time="128.036"/>
  <system-out/>
</testsuite> <!-- Fkm_WEB_Chrome.Deal_Story -->
