<?xml version="1.0" encoding="UTF-8"?>
<!-- Generated by org.testng.reporters.JUnitReportReporter -->
<testsuite hostname="DESKTOP-5KTOU1E" failures="0" tests="2" name="Fkm_WEB_Chrome.AccountSummary" time="174.262" errors="0" timestamp="2024-08-22T12:14:42 IST" skipped="1">
  <testcase classname="Fkm_WEB_Chrome.AccountSummary" name="summary" time="93.381"/>
  <system-out/>
  <testcase classname="Fkm_WEB_Chrome.AccountSummary" name="summary" time="80.881">
    <skipped/>
  </testcase> <!-- summary -->
  <system-out/>
</testsuite> <!-- Fkm_WEB_Chrome.AccountSummary -->
