<?xml version="1.0" encoding="UTF-8"?>
<!-- Generated by org.testng.reporters.JUnitReportReporter -->
<testsuite hostname="DESKTOP-5KTOU1E" failures="0" tests="1" name="Fkm_WEB_Chrome.Notification_Search_ButtonFunction" time="131.418" errors="0" timestamp="2024-08-01T12:34:17 IST" skipped="0">
  <testcase classname="Fkm_WEB_Chrome.Notification_Search_ButtonFunction" name="notification" time="131.418"/>
  <system-out/>
</testsuite> <!-- Fkm_WEB_Chrome.Notification_Search_ButtonFunction -->
