<?xml version="1.0" encoding="UTF-8"?>
<!-- Generated by org.testng.reporters.JUnitReportReporter -->
<testsuite hostname="DESKTOP-5KTOU1E" failures="0" tests="1" name="TestNG.Product_add" time="33.914" errors="0" timestamp="2024-02-06T14:37:12 IST" skipped="0">
  <testcase classname="TestNG.Product_add" name="addProduct" time="33.914"/>
</testsuite> <!-- TestNG.Product_add -->
