<?xml version="1.0" encoding="UTF-8"?>
<!-- Generated by org.testng.reporters.JUnitReportReporter -->
<testsuite hostname="DESKTOP-5KTOU1E" failures="0" tests="1" name="TestNG.Leads" time="13.853" errors="0" timestamp="2024-02-06T17:35:58 IST" skipped="0">
  <testcase classname="TestNG.Leads" name="createLead" time="13.853"/>
</testsuite> <!-- TestNG.Leads -->
