<?xml version="1.0" encoding="UTF-8"?>
<!-- Generated by org.testng.reporters.JUnitReportReporter -->
<testsuite hostname="DESKTOP-5KTOU1E" failures="0" tests="5" name="TestNG.Annotations" time="0.037" errors="0" timestamp="2024-02-07T17:03:17 IST" skipped="0">
  <testcase classname="TestNG.Annotations" name="ausaf" time="0.017"/>
  <testcase classname="TestNG.Annotations" name="adeeb" time="0.001"/>
  <testcase classname="TestNG.Annotations" name="adeeb" time="0.004"/>
  <testcase classname="TestNG.Annotations" name="Sheikh" time="0.004"/>
  <testcase classname="TestNG.Annotations" name="khan" time="0.011"/>
</testsuite> <!-- TestNG.Annotations -->
