<?xml version="1.0" encoding="UTF-8"?>
<!-- Generated by org.testng.reporters.JUnitReportReporter -->
<testsuite hostname="DESKTOP-5KTOU1E" failures="0" tests="1" name="TestNG.Campaigns" time="16.656" errors="0" timestamp="2024-02-06T17:01:41 IST" skipped="0">
  <testcase classname="TestNG.Campaigns" name="create_campaign" time="16.656"/>
</testsuite> <!-- TestNG.Campaigns -->
